%!Adobe-FontList 1.24
%Locale:0x40c

%BeginFont
Handler:DirectoryHandler
FontType:TrueType
FontName:HoeflerText-Italic-Swash
FamilyName:HoeflerText-Italic-Swash
StyleName:Regular
FullName:HoeflerText-Italic-Swash
MenuName:HoeflerText-Italic-Swash
StyleBits:0
WritingScript:Roman
OutlineFileName:C:\Users\aachi\Desktop\Atlas\FanzineFestival\InstagramAtlasFF\Document fonts\HoeflerText-Italic-Swash.ttf
DataFormat:sfntData
hasSVG:no
hasCOLR:no
VariableFontType:NonVariableFont
FileLength:61196
FileModTime:1717576527
WeightClass:500
WidthClass:5
AngleClass:1
NameArray:0,Mac,4,HoeflerText-Italic-Swash
NameArray:0,Win,1,HoeflerText-Italic-Swash
NameArray:0,Win,16,HoeflerText-Italic-Swash
%EndFont

%BeginFont
Handler:DirectoryHandler
FontType:Type1
FontName:MinionVariableConcept-Italic
FamilyName:Minion Variable Concept
StyleName:Italic
FullName:Minion Variable Concept Italic
MenuName:Minion Variable Concept
FamilyPrefix:MinionConceptItalic
StyleBits:1
WritingScript:Roman
OutlineFileName:C:\Users\aachi\Desktop\Atlas\FanzineFestival\InstagramAtlasFF\Document fonts\MinionVariableConcept-Italic.otf
DataFormat:sfntData
UsesStandardEncoding:yes
isCFF:yes
hasSVG:no
hasCOLR:no
VariableFontType:CFF2VariableFont
FileLength:209728
FileModTime:1715679998
WeightClass:400
WidthClass:5
AngleClass:1
NameArray:0,Win,1,Minion Variable Concept
%EndFont

%BeginFont
Handler:DirectoryHandler
FontType:Type1
FontName:MinionVariableConcept-Roman
FamilyName:Minion Variable Concept
StyleName:Roman
FullName:Minion Variable Concept Roman
MenuName:Minion Variable Concept
FamilyPrefix:MinionConceptRoman
StyleBits:0
WritingScript:Roman
OutlineFileName:C:\Users\aachi\Desktop\Atlas\FanzineFestival\InstagramAtlasFF\Document fonts\MinionVariableConcept-Roman.otf
DataFormat:sfntData
UsesStandardEncoding:yes
isCFF:yes
hasSVG:no
hasCOLR:no
VariableFontType:CFF2VariableFont
FileLength:298864
FileModTime:1715679997
WeightClass:400
WidthClass:5
AngleClass:0
NameArray:0,Win,1,Minion Variable Concept
%EndFont

